# JRE version: Java(TM) SE Runtime Environment (13.0.2+8) (build 13.0.2+8)
# Java VM: Java HotSpot(TM) 64-Bit Server VM (13.0.2+8, mixed mode, sharing, tiered, compressed oops, g1 gc, windows-amd64)
Heap:
 garbage-first heap   total 131072K, used 27893K [0x0000000081600000, 0x0000000100000000)
  region size 1024K, 22 young (22528K), 3 survivors (3072K)
 Metaspace       used 19533K, capacity 20065K, committed 20096K, reserved 1067008K
  class space    used 2472K, capacity 2674K, committed 2688K, reserved 1048576K
GC Heap History (8 events):
Event: 1.053 GC heap before
{Heap before GC invocations=0 (full 0):
 garbage-first heap   total 131072K, used 13312K [0x0000000081600000, 0x0000000100000000)
  region size 1024K, 14 young (14336K), 0 survivors (0K)
 Metaspace       used 2646K, capacity 5395K, committed 5760K, reserved 1056768K
  class space    used 255K, capacity 522K, committed 640K, reserved 1048576K
}
Event: 1.066 GC heap after
{Heap after GC invocations=1 (full 0):
 garbage-first heap   total 131072K, used 6336K [0x0000000081600000, 0x0000000100000000)
  region size 1024K, 2 young (2048K), 2 survivors (2048K)
 Metaspace       used 2646K, capacity 5395K, committed 5760K, reserved 1056768K
  class space    used 255K, capacity 522K, committed 640K, reserved 1048576K
}
Event: 1.362 GC heap before
{Heap before GC invocations=1 (full 0):
 garbage-first heap   total 131072K, used 12480K [0x0000000081600000, 0x0000000100000000)
  region size 1024K, 8 young (8192K), 2 survivors (2048K)
 Metaspace       used 3927K, capacity 6182K, committed 6272K, reserved 1056768K
  class space    used 407K, capacity 638K, committed 640K, reserved 1048576K
}
Event: 1.366 GC heap after
{Heap after GC invocations=2 (full 0):
 garbage-first heap   total 131072K, used 6766K [0x0000000081600000, 0x0000000100000000)
  region size 1024K, 1 young (1024K), 1 survivors (1024K)
 Metaspace       used 3927K, capacity 6182K, committed 6272K, reserved 1056768K
  class space    used 407K, capacity 638K, committed 640K, reserved 1048576K
}
Event: 1.977 GC heap before
{Heap before GC invocations=2 (full 0):
 garbage-first heap   total 131072K, used 29294K [0x0000000081600000, 0x0000000100000000)
  region size 1024K, 23 young (23552K), 1 survivors (1024K)
 Metaspace       used 8506K, capacity 9552K, committed 9728K, reserved 1058816K
  class space    used 1030K, capacity 1165K, committed 1280K, reserved 1048576K
}
Event: 1.983 GC heap after
{Heap after GC invocations=3 (full 0):
 garbage-first heap   total 131072K, used 8026K [0x0000000081600000, 0x0000000100000000)
  region size 1024K, 2 young (2048K), 2 survivors (2048K)
 Metaspace       used 8506K, capacity 9552K, committed 9728K, reserved 1058816K
  class space    used 1030K, capacity 1165K, committed 1280K, reserved 1048576K
}
Event: 3.044 GC heap before
{Heap before GC invocations=3 (full 0):
 garbage-first heap   total 131072K, used 50010K [0x0000000081600000, 0x0000000100000000)
  region size 1024K, 44 young (45056K), 2 survivors (2048K)
 Metaspace       used 16755K, capacity 17242K, committed 17536K, reserved 1064960K
  class space    used 2149K, capacity 2312K, committed 2432K, reserved 1048576K
}
Event: 3.052 GC heap after
{Heap after GC invocations=4 (full 0):
 garbage-first heap   total 131072K, used 9461K [0x0000000081600000, 0x0000000100000000)
  region size 1024K, 3 young (3072K), 3 survivors (3072K)
 Metaspace       used 16755K, capacity 17242K, committed 17536K, reserved 1064960K
  class space    used 2149K, capacity 2312K, committed 2432K, reserved 1048576K
}

